Performing C SOURCE FILE Test CMAKE_HAVE_LIBC_PTHREAD failed with the following output:
Change Dir: /home/michal/code/RegistrationGL/build/CMakeFiles/CMakeTmp

Run Build Command(s):/usr/bin/make cmTC_235af/fast && /usr/bin/make  -f CMakeFiles/cmTC_235af.dir/build.make CMakeFiles/cmTC_235af.dir/build
make[1]: Entering directory '/home/michal/code/RegistrationGL/build/CMakeFiles/CMakeTmp'
Building C object CMakeFiles/cmTC_235af.dir/src.c.o
/usr/bin/cc   -DCMAKE_HAVE_LIBC_PTHREAD   -o CMakeFiles/cmTC_235af.dir/src.c.o   -c /home/michal/code/RegistrationGL/build/CMakeFiles/CMakeTmp/src.c
Linking C executable cmTC_235af
/usr/local/bin/cmake -E cmake_link_script CMakeFiles/cmTC_235af.dir/link.txt --verbose=1
/usr/bin/cc  -DCMAKE_HAVE_LIBC_PTHREAD    CMakeFiles/cmTC_235af.dir/src.c.o  -o cmTC_235af 
CMakeFiles/cmTC_235af.dir/src.c.o: In function `main':
src.c:(.text+0x3e): undefined reference to `pthread_create'
src.c:(.text+0x4a): undefined reference to `pthread_detach'
src.c:(.text+0x56): undefined reference to `pthread_cancel'
src.c:(.text+0x67): undefined reference to `pthread_join'
src.c:(.text+0x7b): undefined reference to `pthread_atfork'
collect2: error: ld returned 1 exit status
CMakeFiles/cmTC_235af.dir/build.make:106: recipe for target 'cmTC_235af' failed
make[1]: *** [cmTC_235af] Error 1
make[1]: Leaving directory '/home/michal/code/RegistrationGL/build/CMakeFiles/CMakeTmp'
Makefile:141: recipe for target 'cmTC_235af/fast' failed
make: *** [cmTC_235af/fast] Error 2


Source file was:
#include <pthread.h>

void* test_func(void* data)
{
  return data;
}

int main(void)
{
  pthread_t thread;
  pthread_create(&thread, NULL, test_func, NULL);
  pthread_detach(thread);
  pthread_cancel(thread);
  pthread_join(thread, NULL);
  pthread_atfork(NULL, NULL, NULL);
  pthread_exit(NULL);

  return 0;
}

Determining if the function pthread_create exists in the pthreads failed with the following output:
Change Dir: /home/michal/code/RegistrationGL/build/CMakeFiles/CMakeTmp

Run Build Command(s):/usr/bin/make cmTC_e2daf/fast && /usr/bin/make  -f CMakeFiles/cmTC_e2daf.dir/build.make CMakeFiles/cmTC_e2daf.dir/build
make[1]: Entering directory '/home/michal/code/RegistrationGL/build/CMakeFiles/CMakeTmp'
Building C object CMakeFiles/cmTC_e2daf.dir/CheckFunctionExists.c.o
/usr/bin/cc   -DCHECK_FUNCTION_EXISTS=pthread_create   -o CMakeFiles/cmTC_e2daf.dir/CheckFunctionExists.c.o   -c /usr/local/share/cmake-3.17/Modules/CheckFunctionExists.c
Linking C executable cmTC_e2daf
/usr/local/bin/cmake -E cmake_link_script CMakeFiles/cmTC_e2daf.dir/link.txt --verbose=1
/usr/bin/cc  -DCHECK_FUNCTION_EXISTS=pthread_create    CMakeFiles/cmTC_e2daf.dir/CheckFunctionExists.c.o  -o cmTC_e2daf  -lpthreads 
/usr/bin/ld: cannot find -lpthreads
collect2: error: ld returned 1 exit status
CMakeFiles/cmTC_e2daf.dir/build.make:106: recipe for target 'cmTC_e2daf' failed
make[1]: *** [cmTC_e2daf] Error 1
make[1]: Leaving directory '/home/michal/code/RegistrationGL/build/CMakeFiles/CMakeTmp'
Makefile:141: recipe for target 'cmTC_e2daf/fast' failed
make: *** [cmTC_e2daf/fast] Error 2



